<?xml version="1.0" encoding="UTF-8"?>
<testng-results ignored="0" total="2" passed="2" failed="0" skipped="0">
  <reporter-output>
  </reporter-output>
  <suite started-at="2023-10-04T14:59:57 IST" name="Suite" finished-at="2023-10-04T15:00:57 IST" duration-ms="60407">
    <groups>
    </groups>
    <test started-at="2023-10-04T14:59:57 IST" name="izootosend" finished-at="2023-10-04T15:00:32 IST" duration-ms="35367">
      <class name="testNgTest.TestNgTest">
        <test-method signature="sendpage()[pri:0, instance:testNgTest.TestNgTest@32eff876]" started-at="2023-10-04T14:59:57 IST" name="sendpage" finished-at="2023-10-04T15:00:32 IST" duration-ms="35340" status="PASS">
          <reporter-output>
          </reporter-output>
        </test-method> <!-- sendpage -->
      </class> <!-- testNgTest.TestNgTest -->
    </test> <!-- izootosend -->
    <test started-at="2023-10-04T15:00:32 IST" name="izootoreport" finished-at="2023-10-04T15:00:57 IST" duration-ms="25026">
      <class name="testNG2.Testng2">
        <test-method signature="reporting()[pri:0, instance:testNG2.Testng2@67c27493]" started-at="2023-10-04T15:00:32 IST" name="reporting" finished-at="2023-10-04T15:00:57 IST" duration-ms="25022" status="PASS">
          <reporter-output>
          </reporter-output>
        </test-method> <!-- reporting -->
      </class> <!-- testNG2.Testng2 -->
    </test> <!-- izootoreport -->
  </suite> <!-- Suite -->
</testng-results>
